<?xml version="1.0" encoding="UTF-8"?>
<testsuite name="DemoTest" tests="31" skipped="0" failures="0" errors="0" timestamp="2022-04-30T01:40:06" hostname="mthsps" time="0.031">
  <properties/>
  <testcase name="test_is_not_triangle_10" classname="DemoTest" time="0.003"/>
  <testcase name="test_is_not_triangle_11" classname="DemoTest" time="0.0"/>
  <testcase name="test_is_not_triangle_12" classname="DemoTest" time="0.001"/>
  <testcase name="test_is_not_triangle_13" classname="DemoTest" time="0.0"/>
  <testcase name="test_is_not_triangle_14" classname="DemoTest" time="0.0"/>
  <testcase name="test_is_not_triangle_15" classname="DemoTest" time="0.001"/>
  <testcase name="test_is_not_triangle_16" classname="DemoTest" time="0.0"/>
  <testcase name="main_input_true" classname="DemoTest" time="0.008"/>
  <testcase name="test_is_triangle_10" classname="DemoTest" time="0.0"/>
  <testcase name="main_input_empty" classname="DemoTest" time="0.003"/>
  <testcase name="main_input_error" classname="DemoTest" time="0.002"/>
  <testcase name="main_input_false" classname="DemoTest" time="0.003"/>
  <testcase name="test_is_not_triangle_1" classname="DemoTest" time="0.0"/>
  <testcase name="test_is_not_triangle_2" classname="DemoTest" time="0.0"/>
  <testcase name="test_is_not_triangle_3" classname="DemoTest" time="0.001"/>
  <testcase name="test_is_not_triangle_4" classname="DemoTest" time="0.001"/>
  <testcase name="test_is_not_triangle_5" classname="DemoTest" time="0.0"/>
  <testcase name="test_is_not_triangle_6" classname="DemoTest" time="0.0"/>
  <testcase name="test_is_not_triangle_7" classname="DemoTest" time="0.001"/>
  <testcase name="test_is_not_triangle_8" classname="DemoTest" time="0.0"/>
  <testcase name="test_is_not_triangle_9" classname="DemoTest" time="0.0"/>
  <testcase name="test_is_triangle_1" classname="DemoTest" time="0.001"/>
  <testcase name="test_is_triangle_2" classname="DemoTest" time="0.0"/>
  <testcase name="test_is_triangle_3" classname="DemoTest" time="0.0"/>
  <testcase name="test_is_triangle_4" classname="DemoTest" time="0.0"/>
  <testcase name="test_is_triangle_5" classname="DemoTest" time="0.0"/>
  <testcase name="test_is_triangle_6" classname="DemoTest" time="0.0"/>
  <testcase name="test_is_triangle_7" classname="DemoTest" time="0.0"/>
  <testcase name="test_is_triangle_8" classname="DemoTest" time="0.001"/>
  <testcase name="test_is_triangle_9" classname="DemoTest" time="0.0"/>
  <testcase name="main_input_onearg" classname="DemoTest" time="0.002"/>
  <system-out><![CDATA[]]></system-out>
  <system-err><![CDATA[]]></system-err>
</testsuite>
